Arguments: 
  /home/shivam/.asdf/installs/nodejs/17.9.0/bin/node /home/shivam/.asdf/installs/yarn/1.22.18/bin/yarn.js add esbuild

PATH: 
  /home/shivam/.asdf/plugins/nodejs/shims:/home/shivam/.asdf/installs/nodejs/17.9.0/.npm/bin:/home/shivam/.asdf/installs/nodejs/17.9.0/bin:/home/shivam/.asdf/installs/yarn/1.22.18/bin:/home/shivam/.rvm/gems/ruby-3.1.1/bin:/home/shivam/.rvm/gems/ruby-3.1.1@global/bin:/home/shivam/.rvm/rubies/ruby-3.1.1/bin:/home/shivam/.rvm/bin:/home/shivam/.asdf/shims:/home/shivam/.asdf/bin:/usr/local/sbin:/usr/local/bin:/usr/sbin:/usr/bin:/sbin:/bin:/usr/games:/usr/local/games:/snap/bin

Yarn version: 
  1.22.18

Node version: 
  17.9.0

Platform: 
  linux x64

Trace: 
  Error: EACCES: permission denied, open '/home/shivam/railsproject/fkart1 practice/yarn.lock'

npm manifest: 
  {
    "name": "app",
    "private": "true",
    "scripts": {
      "build": "esbuild app/javascript/*.* --bundle --sourcemap --outdir=app/assets/builds"
    }
  }

yarn manifest: 
  No manifest

Lockfile: 
  # THIS IS AN AUTOGENERATED FILE. DO NOT EDIT THIS FILE DIRECTLY.
  # yarn lockfile v1
